Build started 1/2/2012 1:08:00 AM.
     1>Project "C:\Dropbox\Proiecte\StepOnIt\StepOnIt\StepOnIt.vcxproj" on node 2 (build target(s)).
     1>InitializeBuildStatus:
         Touching "Debug\StepOnIt.unsuccessfulbuild".
       ClCompile:
         c:\Microsoft Visual Studio 10.0\VC\bin\CL.exe /c /ZI /nologo /W3 /WX- /Od /Ot /Oy- /D _UNICODE /D UNICODE /Gm /EHsc /RTC1 /MDd /GS /fp:precise /Zc:wchar_t /Zc:forScope /Fo"Debug\\" /Fd"Debug\vc100.pdb" /Gd /TP /analyze- /errorReport:prompt game.cpp
         game.cpp
     1>c:\dropbox\proiecte\steponit\steponit\game.cpp(117): warning C4482: nonstandard extension used: enum 'game::current' used in qualified name
       Link:
         c:\Microsoft Visual Studio 10.0\VC\bin\link.exe /ERRORREPORT:PROMPT /OUT:"C:\Dropbox\Proiecte\StepOnIt\Debug\StepOnIt.exe" /NOLOGO SDL.lib SDLmain.lib SDL_image.lib SDL_mixer.lib opengl32.lib glu32.lib kernel32.lib user32.lib gdi32.lib winspool.lib comdlg32.lib advapi32.lib shell32.lib ole32.lib oleaut32.lib uuid.lib odbc32.lib odbccp32.lib /MANIFEST /ManifestFile:"Debug\StepOnIt.exe.intermediate.manifest" /MANIFESTUAC:"level='asInvoker' uiAccess='false'" /DEBUG /PDB:"C:\Dropbox\Proiecte\StepOnIt\Debug\StepOnIt.pdb" /SUBSYSTEM:CONSOLE /TLBID:1 /ENTRY:"mainCRTStartup" /DYNAMICBASE /NXCOMPAT /IMPLIB:"C:\Dropbox\Proiecte\StepOnIt\Debug\StepOnIt.lib" /MACHINE:X86 Debug\core.obj
         Debug\endscreen.obj
         Debug\game.obj
         Debug\gamescreen.obj
         Debug\helpmenu.obj
         Debug\main.obj
         Debug\mainmenu.obj
         Debug\optionsmenu.obj
         Debug\TextDrawer.obj
     1>MSVCRTD.lib(cinitexe.obj) : warning LNK4098: defaultlib 'msvcrt.lib' conflicts with use of other libs; use /NODEFAULTLIB:library
         StepOnIt.vcxproj -> C:\Dropbox\Proiecte\StepOnIt\Debug\StepOnIt.exe
       Manifest:
         c:\Program Files (x86)\Microsoft SDKs\Windows\v7.0A\bin\mt.exe /nologo /verbose /outputresource:"C:\Dropbox\Proiecte\StepOnIt\Debug\StepOnIt.exe;#1" /manifest Debug\StepOnIt.exe.intermediate.manifest
       FinalizeBuildStatus:
         Deleting file "Debug\StepOnIt.unsuccessfulbuild".
         Touching "Debug\StepOnIt.lastbuildstate".
     1>Done Building Project "C:\Dropbox\Proiecte\StepOnIt\StepOnIt\StepOnIt.vcxproj" (build target(s)).

Build succeeded.

Time Elapsed 00:00:01.76
