C:\DROPBOX\PROIECTE\STEPONIT\DEBUG\STEPONIT.EXE
C:\Dropbox\Proiecte\StepOnIt\Debug\StepOnIt.pdb
C:\Dropbox\Proiecte\StepOnIt\StepOnIt\Debug\cl.command.1.tlog
C:\Dropbox\Proiecte\StepOnIt\StepOnIt\Debug\CL.read.1.tlog
C:\Dropbox\Proiecte\StepOnIt\StepOnIt\Debug\CL.write.1.tlog
C:\DROPBOX\PROIECTE\STEPONIT\STEPONIT\DEBUG\CORE.OBJ
C:\DROPBOX\PROIECTE\STEPONIT\STEPONIT\DEBUG\ENDSCREEN.OBJ
C:\DROPBOX\PROIECTE\STEPONIT\STEPONIT\DEBUG\GAME.OBJ
C:\DROPBOX\PROIECTE\STEPONIT\STEPONIT\DEBUG\GAMESCREEN.OBJ
C:\DROPBOX\PROIECTE\STEPONIT\STEPONIT\DEBUG\HELPMENU.OBJ
C:\Dropbox\Proiecte\StepOnIt\StepOnIt\Debug\link.command.1.tlog
C:\Dropbox\Proiecte\StepOnIt\StepOnIt\Debug\link.read.1.tlog
C:\Dropbox\Proiecte\StepOnIt\StepOnIt\Debug\link.write.1.tlog
C:\DROPBOX\PROIECTE\STEPONIT\STEPONIT\DEBUG\MAIN.OBJ
C:\DROPBOX\PROIECTE\STEPONIT\STEPONIT\DEBUG\MAINMENU.OBJ
C:\Dropbox\Proiecte\StepOnIt\StepOnIt\Debug\mt.command.1.tlog
C:\Dropbox\Proiecte\StepOnIt\StepOnIt\Debug\mt.read.1.tlog
C:\Dropbox\Proiecte\StepOnIt\StepOnIt\Debug\mt.write.1.tlog
C:\DROPBOX\PROIECTE\STEPONIT\STEPONIT\DEBUG\OPTIONSMENU.OBJ
C:\DROPBOX\PROIECTE\STEPONIT\STEPONIT\DEBUG\STATISTICS.OBJ
C:\Dropbox\Proiecte\StepOnIt\StepOnIt\Debug\StepOnIt.exe.intermediate.manifest
C:\DROPBOX\PROIECTE\STEPONIT\STEPONIT\DEBUG\TEXTDRAWER.OBJ
C:\Dropbox\Proiecte\StepOnIt\StepOnIt\Debug\vc100.idb
C:\DROPBOX\PROIECTE\STEPONIT\STEPONIT\DEBUG\VC100.PDB
