Build started 1/2/2012 1:16:53 AM.
     1>Project "C:\Dropbox\Proiecte\StepOnIt\StepOnIt\StepOnIt.vcxproj" on node 2 (build target(s)).
     1>InitializeBuildStatus:
         Creating "Release\StepOnIt.unsuccessfulbuild" because "AlwaysCreate" was specified.
       ClCompile:
         c:\Microsoft Visual Studio 10.0\VC\bin\CL.exe /c /Zi /nologo /W3 /WX- /O2 /Oi /Ot /Oy- /GL /D _UNICODE /D UNICODE /Gm- /EHsc /MD /GS /Gy /fp:precise /Zc:wchar_t /Zc:forScope /Fo"Release\\" /Fd"Release\vc100.pdb" /Gd /TP /analyze- /errorReport:prompt endscreen.cpp game.cpp gamescreen.cpp helpmenu.cpp main.cpp mainmenu.cpp optionsmenu.cpp
         endscreen.cpp
     1>endscreen.cpp(11): warning C4996: 'fopen': This function or variable may be unsafe. Consider using fopen_s instead. To disable deprecation, use _CRT_SECURE_NO_WARNINGS. See online help for details.
                 c:\Microsoft Visual Studio 10.0\VC\include\stdio.h(234) : see declaration of 'fopen'
     1>endscreen.cpp(28): warning C4996: 'fopen': This function or variable may be unsafe. Consider using fopen_s instead. To disable deprecation, use _CRT_SECURE_NO_WARNINGS. See online help for details.
                 c:\Microsoft Visual Studio 10.0\VC\include\stdio.h(234) : see declaration of 'fopen'
     1>endscreen.cpp(114): warning C4482: nonstandard extension used: enum 'game::current' used in qualified name
     1>endscreen.cpp(130): warning C4996: 'fopen': This function or variable may be unsafe. Consider using fopen_s instead. To disable deprecation, use _CRT_SECURE_NO_WARNINGS. See online help for details.
                 c:\Microsoft Visual Studio 10.0\VC\include\stdio.h(234) : see declaration of 'fopen'
         game.cpp
     1>game.cpp(117): warning C4482: nonstandard extension used: enum 'game::current' used in qualified name
         gamescreen.cpp
     1>gamescreen.cpp(26): warning C4996: 'fopen': This function or variable may be unsafe. Consider using fopen_s instead. To disable deprecation, use _CRT_SECURE_NO_WARNINGS. See online help for details.
                 c:\Microsoft Visual Studio 10.0\VC\include\stdio.h(234) : see declaration of 'fopen'
     1>gamescreen.cpp(143): warning C4482: nonstandard extension used: enum 'game::current' used in qualified name
         helpmenu.cpp
     1>helpmenu.cpp(6): warning C4996: 'strcpy': This function or variable may be unsafe. Consider using strcpy_s instead. To disable deprecation, use _CRT_SECURE_NO_WARNINGS. See online help for details.
                 c:\Microsoft Visual Studio 10.0\VC\include\string.h(105) : see declaration of 'strcpy'
     1>helpmenu.cpp(36): warning C4996: 'strcpy': This function or variable may be unsafe. Consider using strcpy_s instead. To disable deprecation, use _CRT_SECURE_NO_WARNINGS. See online help for details.
                 c:\Microsoft Visual Studio 10.0\VC\include\string.h(105) : see declaration of 'strcpy'
     1>helpmenu.cpp(41): warning C4996: 'strcpy': This function or variable may be unsafe. Consider using strcpy_s instead. To disable deprecation, use _CRT_SECURE_NO_WARNINGS. See online help for details.
                 c:\Microsoft Visual Studio 10.0\VC\include\string.h(105) : see declaration of 'strcpy'
     1>helpmenu.cpp(49): warning C4482: nonstandard extension used: enum 'game::current' used in qualified name
         main.cpp
         mainmenu.cpp
     1>mainmenu.cpp(39): warning C4482: nonstandard extension used: enum 'game::current' used in qualified name
     1>mainmenu.cpp(43): warning C4482: nonstandard extension used: enum 'game::current' used in qualified name
     1>mainmenu.cpp(47): warning C4482: nonstandard extension used: enum 'game::current' used in qualified name
     1>mainmenu.cpp(58): warning C4996: 'strcpy': This function or variable may be unsafe. Consider using strcpy_s instead. To disable deprecation, use _CRT_SECURE_NO_WARNINGS. See online help for details.
                 c:\Microsoft Visual Studio 10.0\VC\include\string.h(105) : see declaration of 'strcpy'
     1>mainmenu.cpp(64): warning C4996: 'strcpy': This function or variable may be unsafe. Consider using strcpy_s instead. To disable deprecation, use _CRT_SECURE_NO_WARNINGS. See online help for details.
                 c:\Microsoft Visual Studio 10.0\VC\include\string.h(105) : see declaration of 'strcpy'
     1>mainmenu.cpp(70): warning C4996: 'strcpy': This function or variable may be unsafe. Consider using strcpy_s instead. To disable deprecation, use _CRT_SECURE_NO_WARNINGS. See online help for details.
                 c:\Microsoft Visual Studio 10.0\VC\include\string.h(105) : see declaration of 'strcpy'
     1>mainmenu.cpp(76): warning C4996: 'strcpy': This function or variable may be unsafe. Consider using strcpy_s instead. To disable deprecation, use _CRT_SECURE_NO_WARNINGS. See online help for details.
                 c:\Microsoft Visual Studio 10.0\VC\include\string.h(105) : see declaration of 'strcpy'
         optionsmenu.cpp
     1>optionsmenu.cpp(28): warning C4482: nonstandard extension used: enum 'game::current' used in qualified name
     1>optionsmenu.cpp(36): warning C4996: 'strcpy': This function or variable may be unsafe. Consider using strcpy_s instead. To disable deprecation, use _CRT_SECURE_NO_WARNINGS. See online help for details.
                 c:\Microsoft Visual Studio 10.0\VC\include\string.h(105) : see declaration of 'strcpy'
       Link:
         c:\Microsoft Visual Studio 10.0\VC\bin\link.exe /ERRORREPORT:PROMPT /OUT:"C:\Dropbox\Proiecte\StepOnIt\Release\StepOnIt.exe" /NOLOGO SDL.lib SDLmain.lib SDL_image.lib SDL_mixer.lib opengl32.lib glu32.lib kernel32.lib user32.lib gdi32.lib winspool.lib comdlg32.lib advapi32.lib shell32.lib ole32.lib oleaut32.lib uuid.lib odbc32.lib odbccp32.lib /MANIFEST /ManifestFile:"Release\StepOnIt.exe.intermediate.manifest" /MANIFESTUAC:"level='asInvoker' uiAccess='false'" /DEBUG /PDB:"C:\Dropbox\Proiecte\StepOnIt\Release\StepOnIt.pdb" /SUBSYSTEM:WINDOWS /OPT:REF /OPT:ICF /LTCG /TLBID:1 /ENTRY:"mainCRTStartup" /DYNAMICBASE /NXCOMPAT /IMPLIB:"C:\Dropbox\Proiecte\StepOnIt\Release\StepOnIt.lib" /MACHINE:X86 Release\core.obj
         Release\endscreen.obj
         Release\game.obj
         Release\gamescreen.obj
         Release\helpmenu.obj
         Release\main.obj
         Release\mainmenu.obj
         Release\optionsmenu.obj
         Release\TextDrawer.obj
         Generating code
         Finished generating code
         StepOnIt.vcxproj -> C:\Dropbox\Proiecte\StepOnIt\Release\StepOnIt.exe
       Manifest:
         c:\Program Files (x86)\Microsoft SDKs\Windows\v7.0A\bin\mt.exe /nologo /verbose /outputresource:"C:\Dropbox\Proiecte\StepOnIt\Release\StepOnIt.exe;#1" /manifest Release\StepOnIt.exe.intermediate.manifest
       FinalizeBuildStatus:
         Deleting file "Release\StepOnIt.unsuccessfulbuild".
         Touching "Release\StepOnIt.lastbuildstate".
     1>Done Building Project "C:\Dropbox\Proiecte\StepOnIt\StepOnIt\StepOnIt.vcxproj" (build target(s)).

Build succeeded.

Time Elapsed 00:00:09.91
